#
# There is insufficient memory for the Java Runtime Environment to continue.
# Native memory allocation (mmap) failed to map 13631488 bytes for Failed to commit area from 0x000000008b700000 to 0x000000008c400000 of length 13631488.
# Possible reasons:
#   The system is out of physical RAM or swap space
#   The process is running with CompressedOops enabled, and the Java Heap may be blocking the growth of the native heap
# Possible solutions:
#   Reduce memory load on the system
#   Increase physical memory or swap space
#   Check if swap backing store is full
#   Decrease Java heap size (-Xmx/-Xms)
#   Decrease number of Java threads
#   Decrease Java thread stack sizes (-Xss)
#   Set larger code cache with -XX:ReservedCodeCacheSize=
#   JVM is running with Unscaled Compressed Oops mode in which the Java heap is
#     placed in the first 4GB address space. The Java Heap base address is the
#     maximum limit for the native heap growth. Please use -XX:HeapBaseMinAddress
#     to set the Java Heap base and to place the Java Heap above 4GB virtual address.
# This output file may be truncated or incomplete.
#
#  Out of Memory Error (./src/hotspot/os/windows/os_windows.cpp:3315), pid=24084, tid=6180
#
# JRE version: OpenJDK Runtime Environment AdoptOpenJDK (14.0.1+7) (build 14.0.1+7)
# Java VM: OpenJDK 64-Bit Server VM AdoptOpenJDK (14.0.1+7, mixed mode, sharing, tiered, compressed oops, g1 gc, windows-amd64)
# No core dump will be written. Minidumps are not enabled by default on client versions of Windows
#

---------------  S U M M A R Y ------------

Command Line: -Dfile.encoding=UTF-8 -DKETTLE_PLUGIN_BASE_FOLDERS=./lib-ext/data-integration/plugins -DpropertyName= -Dflow com.openbravo.pos.forms.StartPOS

Host: Intel(R) Core(TM) i7-8550U CPU @ 1.80GHz, 8 cores, 7G,  Windows 10 , 64 bit Build 18362 (10.0.18362.959)
Time: Wed Aug 19 20:16:36 2020 South Africa Standard Time elapsed time: 97144 seconds (1d 2h 59m 4s)

---------------  T H R E A D  ---------------

Current thread (0x0000027c2667f800):  VMThread "VM Thread" [stack: 0x000000ab99400000,0x000000ab99500000] [id=6180]

Stack: [0x000000ab99400000,0x000000ab99500000]
[error occurred during error reporting (printing stack bounds), id 0xc0000005, EXCEPTION_ACCESS_VIOLATION (0xc0000005) at pc=0x0000027c0fe510ad]

Native frames: (J=compiled Java code, j=interpreted, Vv=VM code, C=native code)
V  [jvm.dll+0x5fd4fa]
V  [jvm.dll+0x7a965a]
V  [jvm.dll+0x7aae0f]
V  [jvm.dll+0x7ab3b5]
V  [jvm.dll+0x7ab36b]
V  [jvm.dll+0x5fca2f]
V  [jvm.dll+0x5fd198]
C  [ntdll.dll+0xa11cf]
C  [ntdll.dll+0x6a209]
C  [ntdll.dll+0x9fe3e]
C  0x0000027c0fe510ad

VM_Operation (0x000000ab990ff720): G1Concurrent, mode: safepoint, requested by thread 0x0000027c07452000


---------------  P R O C E S S  ---------------

Threads class SMR info:
_java_thread_list=0x0000027c29d12ae0, length=28, elements={
0x0000027c26683000, 0x0000027c26684000, 0x0000027c2669c000, 0x0000027c2669d000,
0x0000027c266a0000, 0x0000027c266a4000, 0x0000027c27018000, 0x0000027c266bc000,
0x0000027c2710e800, 0x0000027c2711f800, 0x0000027c2711e000, 0x0000027c27765800,
0x0000027c2770d000, 0x0000027c27716000, 0x0000027c07401800, 0x0000027c2940c800,
0x0000027c29409800, 0x0000027c2940c000, 0x0000027c29408800, 0x0000027c2940e000,
0x0000027c2940a000, 0x0000027c2940f000, 0x0000027c2940d800, 0x0000027c2940b000,
0x0000027c295e4800, 0x0000027c295e6800, 0x0000027c295e9000, 0x0000027c295eb000
}

Java Threads: ( => current thread )
  0x0000027c26683000 JavaThread "Reference Handler" daemon [_thread_blocked, id=26636, stack(0x000000ab99500000,0x000000ab99600000)]
  0x0000027c26684000 JavaThread "Finalizer" daemon [_thread_blocked, id=21696, stack(0x000000ab99600000,0x000000ab99700000)]
  0x0000027c2669c000 JavaThread "Signal Dispatcher" daemon [_thread_blocked, id=15468, stack(0x000000ab99700000,0x000000ab99800000)]
  0x0000027c2669d000 JavaThread "Attach Listener" daemon [_thread_blocked, id=13656, stack(0x000000ab99800000,0x000000ab99900000)]
  0x0000027c266a0000 JavaThread "Service Thread" daemon [_thread_blocked, id=12380, stack(0x000000ab99900000,0x000000ab99a00000)]
  0x0000027c266a4000 JavaThread "C2 CompilerThread0" daemon [_thread_blocked, id=26160, stack(0x000000ab99a00000,0x000000ab99b00000)]
  0x0000027c27018000 JavaThread "C1 CompilerThread0" daemon [_thread_blocked, id=19324, stack(0x000000ab99b00000,0x000000ab99c00000)]
  0x0000027c266bc000 JavaThread "Sweeper thread" daemon [_thread_blocked, id=14748, stack(0x000000ab99c00000,0x000000ab99d00000)]
  0x0000027c2710e800 JavaThread "Notification Thread" daemon [_thread_blocked, id=13788, stack(0x000000ab99d00000,0x000000ab99e00000)]
  0x0000027c2711f800 JavaThread "Common-Cleaner" daemon [_thread_blocked, id=23188, stack(0x000000ab99f00000,0x000000ab9a000000)]
  0x0000027c2711e000 JavaThread "Java2D Disposer" daemon [_thread_blocked, id=24800, stack(0x000000ab9a000000,0x000000ab9a100000)]
  0x0000027c27765800 JavaThread "AWT-Shutdown" [_thread_blocked, id=12408, stack(0x000000ab9a100000,0x000000ab9a200000)]
  0x0000027c2770d000 JavaThread "AWT-Windows" daemon [_thread_in_native, id=28272, stack(0x000000ab9a200000,0x000000ab9a300000)]
  0x0000027c27716000 JavaThread "AWT-EventQueue-0" [_thread_blocked, id=13524, stack(0x000000ab9a300000,0x000000ab9a400000)]
  0x0000027c07401800 JavaThread "DestroyJavaVM" [_thread_blocked, id=12444, stack(0x000000ab98e00000,0x000000ab98f00000)]
  0x0000027c2940c800 JavaThread "qtp332270966-25-acceptor-0@7f94b0b9-ServerConnector@4e6a3257{HTTP/1.1,[http/1.1]}{0.0.0.0:8135}" [_thread_in_native, id=14204, stack(0x000000ab9ae00000,0x000000ab9af00000)]
  0x0000027c29409800 JavaThread "qtp332270966-26" [_thread_blocked, id=20596, stack(0x000000ab9af00000,0x000000ab9b000000)]
  0x0000027c2940c000 JavaThread "qtp332270966-27" [_thread_in_native, id=4476, stack(0x000000ab9b000000,0x000000ab9b100000)]
  0x0000027c29408800 JavaThread "qtp332270966-28" [_thread_in_native, id=23496, stack(0x000000ab9b100000,0x000000ab9b200000)]
  0x0000027c2940e000 JavaThread "qtp332270966-29" [_thread_blocked, id=25076, stack(0x000000ab9b200000,0x000000ab9b300000)]
  0x0000027c2940a000 JavaThread "qtp332270966-30" [_thread_blocked, id=27160, stack(0x000000ab9b300000,0x000000ab9b400000)]
  0x0000027c2940f000 JavaThread "qtp332270966-31" [_thread_in_native, id=23488, stack(0x000000ab9b400000,0x000000ab9b500000)]
  0x0000027c2940d800 JavaThread "qtp332270966-32" [_thread_in_native, id=23400, stack(0x000000ab9b500000,0x000000ab9b600000)]
  0x0000027c2940b000 JavaThread "Timer-0" daemon [_thread_blocked, id=18524, stack(0x000000ab9a500000,0x000000ab9a600000)]
  0x0000027c295e4800 JavaThread "derby.NetworkServerStarter" daemon [_thread_blocked, id=27520, stack(0x000000ab9b600000,0x000000ab9b700000)]
  0x0000027c295e6800 JavaThread "NetworkServerThread_1" daemon [_thread_in_native, id=18384, stack(0x000000ab9b700000,0x000000ab9b800000)]
  0x0000027c295e9000 JavaThread "mysql-cj-abandoned-connection-cleanup" daemon [_thread_blocked, id=25928, stack(0x000000ab9b800000,0x000000ab9b900000)]
  0x0000027c295eb000 JavaThread "TimerQueue" daemon [_thread_blocked, id=20796, stack(0x000000ab9bd00000,0x000000ab9be00000)]

Other Threads:
=>0x0000027c2667f800 VMThread "VM Thread" [stack: 0x000000ab99400000,0x000000ab99500000] [id=6180]
  0x0000027c2710f800 WatcherThread [stack: 0x000000ab99e00000,0x000000ab99f00000] [id=23548]
  0x0000027c07440000 GCTaskThread "GC Thread#0" [stack: 0x000000ab98f00000,0x000000ab99000000] [id=25144]
  0x0000027c27a7d800 GCTaskThread "GC Thread#1" [stack: 0x000000ab9a600000,0x000000ab9a700000] [id=13716]
  0x0000027c27a7e000 GCTaskThread "GC Thread#2" [stack: 0x000000ab9a700000,0x000000ab9a800000] [id=12956]
  0x0000027c27a83800 GCTaskThread "GC Thread#3" [stack: 0x000000ab9a800000,0x000000ab9a900000] [id=27724]
  0x0000027c27a88000 GCTaskThread "GC Thread#4" [stack: 0x000000ab9a900000,0x000000ab9aa00000] [id=20744]
  0x0000027c27a91000 GCTaskThread "GC Thread#5" [stack: 0x000000ab9aa00000,0x000000ab9ab00000] [id=25668]
  0x0000027c27a91800 GCTaskThread "GC Thread#6" [stack: 0x000000ab9ab00000,0x000000ab9ac00000] [id=15676]
  0x0000027c27a96800 GCTaskThread "GC Thread#7" [stack: 0x000000ab9ac00000,0x000000ab9ad00000] [id=19016]
  0x0000027c07452000 ConcurrentGCThread "G1 Main Marker" [stack: 0x000000ab99000000,0x000000ab99100000] [id=4760]
  0x0000027c07453800 ConcurrentGCThread "G1 Conc#0" [stack: 0x000000ab99100000,0x000000ab99200000] [id=28104]
  0x0000027c29839000 ConcurrentGCThread "G1 Conc#1" [stack: 0x000000ab9b900000,0x000000ab9ba00000] [id=4852]
  0x0000027c264ef800 ConcurrentGCThread "G1 Refine#0" [stack: 0x000000ab99200000,0x000000ab99300000] [id=12588]
  0x0000027c2726e000 ConcurrentGCThread "G1 Refine#1" [stack: 0x000000ab9ad00000,0x000000ab9ae00000] [id=7396]
  0x0000027c264f0000 ConcurrentGCThread "G1 Young RemSet Sampling" [stack: 0x000000ab99300000,0x000000ab99400000] [id=3844]

Threads with active compile tasks:

VM state:at safepoint (normal execution)

VM Mutex/Monitor currently owned by a thread:  ([mutex/lock_event])
[0x0000027c073ffd40] Threads_lock - owner thread: 0x0000027c2667f800
[0x0000027c07400880] Heap_lock - owner thread: 0x0000027c07452000

Heap address: 0x0000000082400000, size: 2012 MB, Compressed Oops mode: 32-bit
Narrow klass base: 0x0000000800000000, Narrow klass shift: 3
Compressed class space size: 1073741824 Address: 0x0000000800b30000

Heap:
 garbage-first heap   total 163840K, used 95232K [0x0000000082400000, 0x0000000100000000)
  region size 1024K, 2 young (2048K), 1 survivors (1024K)
 Metaspace       used 36868K, capacity 37362K, committed 37760K, reserved 1083392K
  class space    used 4088K, capacity 4293K, committed 4480K, reserved 1048576K
Heap Regions: E=young(eden), S=young(survivor), O=old, HS=humongous(starts), HC=humongous(continues), CS=collection set, F=free, OA=open archive, CA=closed archive, TAMS=top-at-mark-start (previous, next)
|   0|0x0000000082400000, 0x0000000082500000, 0x0000000082500000|100%|HS|  |TAMS 0x0000000082500000, 0x0000000082400000| Complete 
|   1|0x0000000082500000, 0x0000000082600000, 0x0000000082600000|100%| O|  |TAMS 0x0000000082600000, 0x0000000082500000| Updating 
|   2|0x0000000082600000, 0x0000000082700000, 0x0000000082700000|100%| O|  |TAMS 0x0000000082700000, 0x0000000082600000| Updating 
|   3|0x0000000082700000, 0x0000000082800000, 0x0000000082800000|100%| O|  |TAMS 0x0000000082800000, 0x0000000082700000| Updating 
|   4|0x0000000082800000, 0x0000000082900000, 0x0000000082900000|100%| O|  |TAMS 0x0000000082900000, 0x0000000082800000| Updating 
|   5|0x0000000082900000, 0x0000000082a00000, 0x0000000082a00000|100%| O|  |TAMS 0x0000000082a00000, 0x0000000082900000| Updating 
|   6|0x0000000082a00000, 0x0000000082b00000, 0x0000000082b00000|100%| O|  |TAMS 0x0000000082b00000, 0x0000000082a00000| Updating 
|   7|0x0000000082b00000, 0x0000000082c00000, 0x0000000082c00000|100%| O|  |TAMS 0x0000000082c00000, 0x0000000082b00000| Updating 
|   8|0x0000000082c00000, 0x0000000082d00000, 0x0000000082d00000|100%| O|  |TAMS 0x0000000082d00000, 0x0000000082c00000| Updating 
|   9|0x0000000082d00000, 0x0000000082e00000, 0x0000000082e00000|100%| O|  |TAMS 0x0000000082e00000, 0x0000000082d00000| Updating 
|  10|0x0000000082e00000, 0x0000000082f00000, 0x0000000082f00000|100%| O|  |TAMS 0x0000000082f00000, 0x0000000082e00000| Updating 
|  11|0x0000000082f00000, 0x0000000083000000, 0x0000000083000000|100%| O|  |TAMS 0x0000000083000000, 0x0000000082f00000| Updating 
|  12|0x0000000083000000, 0x0000000083100000, 0x0000000083100000|100%| O|  |TAMS 0x0000000083100000, 0x0000000083000000| Updating 
|  13|0x0000000083100000, 0x0000000083170200, 0x0000000083200000| 43%| O|  |TAMS 0x0000000083170200, 0x0000000083100000| Updating 
|  14|0x0000000083200000, 0x0000000083300000, 0x0000000083300000|100%| O|  |TAMS 0x0000000083300000, 0x0000000083200000| Updating 
|  15|0x0000000083300000, 0x0000000083400000, 0x0000000083400000|100%| O|  |TAMS 0x0000000083400000, 0x0000000083300000| Updating 
|  16|0x0000000083400000, 0x0000000083500000, 0x0000000083500000|100%| O|  |TAMS 0x0000000083500000, 0x0000000083400000| Updating 
|  17|0x0000000083500000, 0x0000000083600000, 0x0000000083600000|100%| O|  |TAMS 0x0000000083600000, 0x0000000083500000| Updating 
|  18|0x0000000083600000, 0x0000000083700000, 0x0000000083700000|100%| O|  |TAMS 0x0000000083700000, 0x0000000083600000| Updating 
|  19|0x0000000083700000, 0x0000000083800000, 0x0000000083800000|100%| O|  |TAMS 0x0000000083800000, 0x0000000083700000| Updating 
|  20|0x0000000083800000, 0x0000000083900000, 0x0000000083900000|100%| O|  |TAMS 0x0000000083900000, 0x0000000083800000| Updating 
|  21|0x0000000083900000, 0x0000000083a00000, 0x0000000083a00000|100%| O|  |TAMS 0x0000000083a00000, 0x0000000083900000| Updating 
|  22|0x0000000083a00000, 0x0000000083b00000, 0x0000000083b00000|100%| O|  |TAMS 0x0000000083b00000, 0x0000000083a00000| Updating 
|  23|0x0000000083b00000, 0x0000000083c00000, 0x0000000083c00000|100%| O|  |TAMS 0x0000000083c00000, 0x0000000083b00000| Updating 
|  24|0x0000000083c00000, 0x0000000083d00000, 0x0000000083d00000|100%| O|  |TAMS 0x0000000083d00000, 0x0000000083c00000| Updating 
|  25|0x0000000083d00000, 0x0000000083e00000, 0x0000000083e00000|100%| O|  |TAMS 0x0000000083e00000, 0x0000000083d00000| Updating 
|  26|0x0000000083e00000, 0x0000000083f00000, 0x0000000083f00000|100%| O|  |TAMS 0x0000000083f00000, 0x0000000083e00000| Updating 
|  27|0x0000000083f00000, 0x0000000084000000, 0x0000000084000000|100%| O|  |TAMS 0x0000000084000000, 0x0000000083f00000| Updating 
|  28|0x0000000084000000, 0x0000000084100000, 0x0000000084100000|100%| O|  |TAMS 0x0000000084100000, 0x0000000084000000| Updating 
|  29|0x0000000084100000, 0x0000000084200000, 0x0000000084200000|100%| O|  |TAMS 0x0000000084200000, 0x0000000084100000| Updating 
|  30|0x0000000084200000, 0x0000000084300000, 0x0000000084300000|100%| O|  |TAMS 0x0000000084300000, 0x0000000084200000| Updating 
|  31|0x0000000084300000, 0x0000000084400000, 0x0000000084400000|100%| O|  |TAMS 0x0000000084400000, 0x0000000084300000| Updating 
|  32|0x0000000084400000, 0x0000000084500000, 0x0000000084500000|100%| O|  |TAMS 0x0000000084500000, 0x0000000084400000| Updating 
|  33|0x0000000084500000, 0x0000000084600000, 0x0000000084600000|100%| O|  |TAMS 0x0000000084600000, 0x0000000084500000| Updating 
|  34|0x0000000084600000, 0x0000000084700000, 0x0000000084700000|100%| O|  |TAMS 0x0000000084700000, 0x0000000084600000| Updating 
|  35|0x0000000084700000, 0x0000000084800000, 0x0000000084800000|100%| O|  |TAMS 0x0000000084800000, 0x0000000084700000| Updating 
|  36|0x0000000084800000, 0x0000000084900000, 0x0000000084900000|100%| O|  |TAMS 0x0000000084900000, 0x0000000084800000| Updating 
|  37|0x0000000084900000, 0x0000000084a00000, 0x0000000084a00000|100%| O|  |TAMS 0x0000000084a00000, 0x0000000084900000| Updating 
|  38|0x0000000084a00000, 0x0000000084b00000, 0x0000000084b00000|100%| O|  |TAMS 0x0000000084b00000, 0x0000000084a00000| Updating 
|  39|0x0000000084b00000, 0x0000000084c00000, 0x0000000084c00000|100%| O|  |TAMS 0x0000000084c00000, 0x0000000084b00000| Updating 
|  40|0x0000000084c00000, 0x0000000084d00000, 0x0000000084d00000|100%| O|  |TAMS 0x0000000084d00000, 0x0000000084c00000| Updating 
|  41|0x0000000084d00000, 0x0000000084e00000, 0x0000000084e00000|100%| O|  |TAMS 0x0000000084e00000, 0x0000000084d00000| Updating 
|  42|0x0000000084e00000, 0x0000000084f00000, 0x0000000084f00000|100%| O|  |TAMS 0x0000000084f00000, 0x0000000084e00000| Updating 
|  43|0x0000000084f00000, 0x0000000085000000, 0x0000000085000000|100%|HS|  |TAMS 0x0000000085000000, 0x0000000084f00000| Complete 
|  44|0x0000000085000000, 0x0000000085100000, 0x0000000085100000|100%|HC|  |TAMS 0x0000000085100000, 0x0000000085000000| Complete 
|  45|0x0000000085100000, 0x0000000085200000, 0x0000000085200000|100%|HC|  |TAMS 0x0000000085200000, 0x0000000085100000| Complete 
|  46|0x0000000085200000, 0x0000000085300000, 0x0000000085300000|100%|HC|  |TAMS 0x0000000085300000, 0x0000000085200000| Complete 
|  47|0x0000000085300000, 0x0000000085400000, 0x0000000085400000|100%|HC|  |TAMS 0x0000000085400000, 0x0000000085300000| Complete 
|  48|0x0000000085400000, 0x0000000085500000, 0x0000000085500000|100%|HC|  |TAMS 0x0000000085500000, 0x0000000085400000| Complete 
|  49|0x0000000085500000, 0x0000000085600000, 0x0000000085600000|100%| O|  |TAMS 0x0000000085600000, 0x0000000085500000| Updating 
|  50|0x0000000085600000, 0x0000000085700000, 0x0000000085700000|100%| O|  |TAMS 0x0000000085700000, 0x0000000085600000| Updating 
|  51|0x0000000085700000, 0x0000000085800000, 0x0000000085800000|100%| O|  |TAMS 0x0000000085800000, 0x0000000085700000| Updating 
|  52|0x0000000085800000, 0x0000000085900000, 0x0000000085900000|100%|HS|  |TAMS 0x0000000085900000, 0x0000000085800000| Complete 
|  53|0x0000000085900000, 0x0000000085a00000, 0x0000000085a00000|100%|HC|  |TAMS 0x0000000085a00000, 0x0000000085900000| Complete 
|  54|0x0000000085a00000, 0x0000000085b00000, 0x0000000085b00000|100%|HC|  |TAMS 0x0000000085b00000, 0x0000000085a00000| Complete 
|  55|0x0000000085b00000, 0x0000000085c00000, 0x0000000085c00000|100%|HC|  |TAMS 0x0000000085c00000, 0x0000000085b00000| Complete 
|  56|0x0000000085c00000, 0x0000000085d00000, 0x0000000085d00000|100%|HC|  |TAMS 0x0000000085d00000, 0x0000000085c00000| Complete 
|  57|0x0000000085d00000, 0x0000000085e00000, 0x0000000085e00000|100%|HC|  |TAMS 0x0000000085e00000, 0x0000000085d00000| Complete 
|  58|0x0000000085e00000, 0x0000000085f00000, 0x0000000085f00000|100%|HC|  |TAMS 0x0000000085f00000, 0x0000000085e00000| Complete 
|  59|0x0000000085f00000, 0x0000000086000000, 0x0000000086000000|100%|HC|  |TAMS 0x0000000086000000, 0x0000000085f00000| Complete 
|  60|0x0000000086000000, 0x0000000086100000, 0x0000000086100000|100%| O|  |TAMS 0x0000000086100000, 0x0000000086000000| Updating 
|  61|0x0000000086100000, 0x0000000086200000, 0x0000000086200000|100%| O|  |TAMS 0x0000000086200000, 0x0000000086100000| Updating 
|  62|0x0000000086200000, 0x0000000086300000, 0x0000000086300000|100%| O|  |TAMS 0x0000000086300000, 0x0000000086200000| Updating 
|  63|0x0000000086300000, 0x0000000086400000, 0x0000000086400000|100%| O|  |TAMS 0x0000000086400000, 0x0000000086300000| Updating 
|  64|0x0000000086400000, 0x0000000086500000, 0x0000000086500000|100%| O|  |TAMS 0x0000000086500000, 0x0000000086400000| Updating 
|  65|0x0000000086500000, 0x0000000086600000, 0x0000000086600000|100%| O|  |TAMS 0x0000000086600000, 0x0000000086500000| Updating 
|  66|0x0000000086600000, 0x0000000086700000, 0x0000000086700000|100%| O|  |TAMS 0x0000000086700000, 0x0000000086600000| Updating 
|  67|0x0000000086700000, 0x0000000086800000, 0x0000000086800000|100%| O|  |TAMS 0x0000000086800000, 0x0000000086700000| Updating 
|  68|0x0000000086800000, 0x0000000086856a00, 0x0000000086900000| 33%| O|  |TAMS 0x0000000086856a00, 0x0000000086800000| Updating 
|  69|0x0000000086900000, 0x0000000086a00000, 0x0000000086a00000|100%|HS|  |TAMS 0x0000000086a00000, 0x0000000086900000| Complete 
|  70|0x0000000086a00000, 0x0000000086b00000, 0x0000000086b00000|100%|HC|  |TAMS 0x0000000086b00000, 0x0000000086a00000| Complete 
|  71|0x0000000086b00000, 0x0000000086c00000, 0x0000000086c00000|100%|HC|  |TAMS 0x0000000086c00000, 0x0000000086b00000| Complete 
|  72|0x0000000086c00000, 0x0000000086d00000, 0x0000000086d00000|100%|HC|  |TAMS 0x0000000086d00000, 0x0000000086c00000| Complete 
|  73|0x0000000086d00000, 0x0000000086e00000, 0x0000000086e00000|100%|HC|  |TAMS 0x0000000086e00000, 0x0000000086d00000| Complete 
|  74|0x0000000086e00000, 0x0000000086f00000, 0x0000000086f00000|100%|HC|  |TAMS 0x0000000086f00000, 0x0000000086e00000| Complete 
|  75|0x0000000086f00000, 0x0000000087000000, 0x0000000087000000|100%|HC|  |TAMS 0x0000000087000000, 0x0000000086f00000| Complete 
|  76|0x0000000087000000, 0x0000000087100000, 0x0000000087100000|100%|HC|  |TAMS 0x0000000087100000, 0x0000000087000000| Complete 
|  77|0x0000000087100000, 0x0000000087200000, 0x0000000087200000|100%|HC|  |TAMS 0x0000000087200000, 0x0000000087100000| Complete 
|  78|0x0000000087200000, 0x0000000087300000, 0x0000000087300000|100%|HC|  |TAMS 0x0000000087300000, 0x0000000087200000| Complete 
|  79|0x0000000087300000, 0x0000000087400000, 0x0000000087400000|100%|HC|  |TAMS 0x0000000087400000, 0x0000000087300000| Complete 
|  80|0x0000000087400000, 0x0000000087500000, 0x0000000087500000|100%|HC|  |TAMS 0x0000000087500000, 0x0000000087400000| Complete 
|  81|0x0000000087500000, 0x0000000087600000, 0x0000000087600000|100%|HC|  |TAMS 0x0000000087600000, 0x0000000087500000| Complete 
|  82|0x0000000087600000, 0x0000000087700000, 0x0000000087700000|100%|HC|  |TAMS 0x0000000087700000, 0x0000000087600000| Complete 
|  83|0x0000000087700000, 0x0000000087800000, 0x0000000087800000|100%|HC|  |TAMS 0x0000000087800000, 0x0000000087700000| Complete 
|  84|0x0000000087800000, 0x0000000087900000, 0x0000000087900000|100%|HC|  |TAMS 0x0000000087900000, 0x0000000087800000| Complete 
|  85|0x0000000087900000, 0x0000000087a00000, 0x0000000087a00000|100%|HC|  |TAMS 0x0000000087a00000, 0x0000000087900000| Complete 
|  86|0x0000000087a00000, 0x0000000087b00000, 0x0000000087b00000|100%|HS|  |TAMS 0x0000000087a00000, 0x0000000087a00000| Complete 
|  87|0x0000000087b00000, 0x0000000087c00000, 0x0000000087c00000|100%|HC|  |TAMS 0x0000000087b00000, 0x0000000087b00000| Complete 
|  88|0x0000000087c00000, 0x0000000087d00000, 0x0000000087d00000|100%|HC|  |TAMS 0x0000000087c00000, 0x0000000087c00000| Complete 
|  89|0x0000000087d00000, 0x0000000087e00000, 0x0000000087e00000|100%|HC|  |TAMS 0x0000000087d00000, 0x0000000087d00000| Complete 
|  90|0x0000000087e00000, 0x0000000087f00000, 0x0000000087f00000|100%|HC|  |TAMS 0x0000000087e00000, 0x0000000087e00000| Complete 
|  91|0x0000000087f00000, 0x0000000088000000, 0x0000000088000000|100%|HC|  |TAMS 0x0000000087f00000, 0x0000000087f00000| Complete 
|  92|0x0000000088000000, 0x0000000088100000, 0x0000000088100000|100%|HC|  |TAMS 0x0000000088000000, 0x0000000088000000| Complete 
|  93|0x0000000088100000, 0x0000000088200000, 0x0000000088200000|100%|HC|  |TAMS 0x0000000088100000, 0x0000000088100000| Complete 
|  94|0x0000000088200000, 0x0000000088200000, 0x0000000088300000|  0%| F|  |TAMS 0x0000000088200000, 0x0000000088200000| Untracked 
|  95|0x0000000088300000, 0x0000000088300000, 0x0000000088400000|  0%| F|  |TAMS 0x0000000088300000, 0x0000000088300000| Untracked 
|  96|0x0000000088400000, 0x0000000088400000, 0x0000000088500000|  0%| F|  |TAMS 0x0000000088400000, 0x0000000088400000| Untracked 
|  97|0x0000000088500000, 0x0000000088500000, 0x0000000088600000|  0%| F|  |TAMS 0x0000000088500000, 0x0000000088500000| Untracked 
|  98|0x0000000088600000, 0x0000000088600000, 0x0000000088700000|  0%| F|  |TAMS 0x0000000088600000, 0x0000000088600000| Untracked 
|  99|0x0000000088700000, 0x0000000088700000, 0x0000000088800000|  0%| F|  |TAMS 0x0000000088700000, 0x0000000088700000| Untracked 
| 100|0x0000000088800000, 0x0000000088800000, 0x0000000088900000|  0%| F|  |TAMS 0x0000000088800000, 0x0000000088800000| Untracked 
| 101|0x0000000088900000, 0x0000000088900000, 0x0000000088a00000|  0%| F|  |TAMS 0x0000000088900000, 0x0000000088900000| Untracked 
| 102|0x0000000088a00000, 0x0000000088a00000, 0x0000000088b00000|  0%| F|  |TAMS 0x0000000088a00000, 0x0000000088a00000| Untracked 
| 103|0x0000000088b00000, 0x0000000088b00000, 0x0000000088c00000|  0%| F|  |TAMS 0x0000000088b00000, 0x0000000088b00000| Untracked 
| 104|0x0000000088c00000, 0x0000000088c00000, 0x0000000088d00000|  0%| F|  |TAMS 0x0000000088c00000, 0x0000000088c00000| Untracked 
| 105|0x0000000088d00000, 0x0000000088d00000, 0x0000000088e00000|  0%| F|  |TAMS 0x0000000088d00000, 0x0000000088d00000| Untracked 
| 106|0x0000000088e00000, 0x0000000088e00000, 0x0000000088f00000|  0%| F|  |TAMS 0x0000000088e00000, 0x0000000088e00000| Untracked 
| 107|0x0000000088f00000, 0x0000000088f00000, 0x0000000089000000|  0%| F|  |TAMS 0x0000000088f00000, 0x0000000088f00000| Untracked 
| 108|0x0000000089000000, 0x0000000089000000, 0x0000000089100000|  0%| F|  |TAMS 0x0000000089000000, 0x0000000089000000| Untracked 
| 109|0x0000000089100000, 0x0000000089100000, 0x0000000089200000|  0%| F|  |TAMS 0x0000000089100000, 0x0000000089100000| Untracked 
| 110|0x0000000089200000, 0x0000000089200000, 0x0000000089300000|  0%| F|  |TAMS 0x0000000089200000, 0x0000000089200000| Untracked 
| 111|0x0000000089300000, 0x0000000089300000, 0x0000000089400000|  0%| F|  |TAMS 0x0000000089300000, 0x0000000089300000| Untracked 
| 112|0x0000000089400000, 0x0000000089400000, 0x0000000089500000|  0%| F|  |TAMS 0x0000000089400000, 0x0000000089400000| Untracked 
| 113|0x0000000089500000, 0x0000000089500000, 0x0000000089600000|  0%| F|  |TAMS 0x0000000089500000, 0x0000000089500000| Untracked 
| 114|0x0000000089600000, 0x0000000089600000, 0x0000000089700000|  0%| F|  |TAMS 0x0000000089600000, 0x0000000089600000| Untracked 
| 115|0x0000000089700000, 0x0000000089700000, 0x0000000089800000|  0%| F|  |TAMS 0x0000000089700000, 0x0000000089700000| Untracked 
| 116|0x0000000089800000, 0x0000000089800000, 0x0000000089900000|  0%| F|  |TAMS 0x0000000089800000, 0x0000000089800000| Untracked 
| 117|0x0000000089900000, 0x0000000089900000, 0x0000000089a00000|  0%| F|  |TAMS 0x0000000089900000, 0x0000000089900000| Untracked 
| 118|0x0000000089a00000, 0x0000000089a00000, 0x0000000089b00000|  0%| F|  |TAMS 0x0000000089a00000, 0x0000000089a00000| Untracked 
| 119|0x0000000089b00000, 0x0000000089b00000, 0x0000000089c00000|  0%| F|  |TAMS 0x0000000089b00000, 0x0000000089b00000| Untracked 
| 120|0x0000000089c00000, 0x0000000089c00000, 0x0000000089d00000|  0%| F|  |TAMS 0x0000000089c00000, 0x0000000089c00000| Untracked 
| 121|0x0000000089d00000, 0x0000000089d00000, 0x0000000089e00000|  0%| F|  |TAMS 0x0000000089d00000, 0x0000000089d00000| Untracked 
| 122|0x0000000089e00000, 0x0000000089e00000, 0x0000000089f00000|  0%| F|  |TAMS 0x0000000089e00000, 0x0000000089e00000| Untracked 
| 123|0x0000000089f00000, 0x0000000089f00000, 0x000000008a000000|  0%| F|  |TAMS 0x0000000089f00000, 0x0000000089f00000| Untracked 
| 124|0x000000008a000000, 0x000000008a000000, 0x000000008a100000|  0%| F|  |TAMS 0x000000008a000000, 0x000000008a000000| Untracked 
| 125|0x000000008a100000, 0x000000008a100000, 0x000000008a200000|  0%| F|  |TAMS 0x000000008a100000, 0x000000008a100000| Untracked 
| 126|0x000000008a200000, 0x000000008a200000, 0x000000008a300000|  0%| F|  |TAMS 0x000000008a200000, 0x000000008a200000| Untracked 
| 127|0x000000008a300000, 0x000000008a300000, 0x000000008a400000|  0%| F|  |TAMS 0x000000008a300000, 0x000000008a300000| Untracked 
| 128|0x000000008a400000, 0x000000008a400000, 0x000000008a500000|  0%| F|  |TAMS 0x000000008a400000, 0x000000008a400000| Untracked 
| 129|0x000000008a500000, 0x000000008a500000, 0x000000008a600000|  0%| F|  |TAMS 0x000000008a500000, 0x000000008a500000| Untracked 
| 130|0x000000008a600000, 0x000000008a600000, 0x000000008a700000|  0%| F|  |TAMS 0x000000008a600000, 0x000000008a600000| Untracked 
| 131|0x000000008a700000, 0x000000008a700000, 0x000000008a800000|  0%| F|  |TAMS 0x000000008a700000, 0x000000008a700000| Untracked 
| 132|0x000000008a800000, 0x000000008a800000, 0x000000008a900000|  0%| F|  |TAMS 0x000000008a800000, 0x000000008a800000| Untracked 
| 133|0x000000008a900000, 0x000000008a900000, 0x000000008aa00000|  0%| F|  |TAMS 0x000000008a900000, 0x000000008a900000| Untracked 
| 134|0x000000008aa00000, 0x000000008aa00000, 0x000000008ab00000|  0%| F|  |TAMS 0x000000008aa00000, 0x000000008aa00000| Untracked 
| 135|0x000000008ab00000, 0x000000008ab00000, 0x000000008ac00000|  0%| F|  |TAMS 0x000000008ab00000, 0x000000008ab00000| Untracked 
| 136|0x000000008ac00000, 0x000000008ac00000, 0x000000008ad00000|  0%| F|  |TAMS 0x000000008ac00000, 0x000000008ac00000| Untracked 
| 137|0x000000008ad00000, 0x000000008ad00000, 0x000000008ae00000|  0%| F|  |TAMS 0x000000008ad00000, 0x000000008ad00000| Untracked 
| 138|0x000000008ae00000, 0x000000008ae00000, 0x000000008af00000|  0%| F|  |TAMS 0x000000008ae00000, 0x000000008ae00000| Untracked 
| 139|0x000000008af00000, 0x000000008af00000, 0x000000008b000000|  0%| F|  |TAMS 0x000000008af00000, 0x000000008af00000| Untracked 
| 140|0x000000008b000000, 0x000000008b000000, 0x000000008b100000|  0%| F|  |TAMS 0x000000008b000000, 0x000000008b000000| Untracked 
| 141|0x000000008b100000, 0x000000008b100000, 0x000000008b200000|  0%| F|  |TAMS 0x000000008b100000, 0x000000008b100000| Untracked 
| 142|0x000000008b200000, 0x000000008b200000, 0x000000008b300000|  0%| F|  |TAMS 0x000000008b200000, 0x000000008b200000| Untracked 
| 143|0x000000008b300000, 0x000000008b3397b8, 0x000000008b400000| 22%| S|CS|TAMS 0x000000008b300000, 0x000000008b300000| Complete 
| 144|0x000000008b400000, 0x000000008b400000, 0x000000008b500000|  0%| F|  |TAMS 0x000000008b400000, 0x000000008b400000| Untracked 
| 145|0x000000008b500000, 0x000000008b500000, 0x000000008b600000|  0%| F|  |TAMS 0x000000008b500000, 0x000000008b500000| Untracked 
| 146|0x000000008b600000, 0x000000008b663bc8, 0x000000008b700000| 38%| E|  |TAMS 0x000000008b600000, 0x000000008b600000| Complete 

Card table byte_map: [0x0000027c1f580000,0x0000027c1f970000] _byte_map_base: 0x0000027c1f16e000

Marking Bits (Prev, Next): (CMBitMap*) 0x0000027c074419b8, (CMBitMap*) 0x0000027c074419f8
 Prev Bits: [0x0000027c1fd60000, 0x0000027c21cd0000)
 Next Bits: [0x0000027c21cd0000, 0x0000027c23c40000)

Polling page: 0x0000027c05100000

Metaspace:

Usage:
  Non-class:     32.29 MB capacity,    32.01 MB (>99%) used,   225.84 KB ( <1%) free+waste,    63.38 KB ( <1%) overhead. 
      Class:      4.19 MB capacity,     3.99 MB ( 95%) used,   176.14 KB (  4%) free+waste,    28.25 KB ( <1%) overhead. 
       Both:     36.49 MB capacity,    36.00 MB ( 99%) used,   401.98 KB (  1%) free+waste,    91.63 KB ( <1%) overhead. 

Virtual space:
  Non-class space:       34.00 MB reserved,      32.50 MB ( 96%) committed 
      Class space:        1.00 GB reserved,       4.38 MB ( <1%) committed 
             Both:        1.03 GB reserved,      36.88 MB (  3%) committed 

Chunk freelists:
   Non-Class:  147.00 KB
       Class:  91.00 KB
        Both:  238.00 KB

MaxMetaspaceSize: 17179869184.00 GB
CompressedClassSpaceSize: 1.00 GB

CodeHeap 'non-profiled nmethods': size=120000Kb used=3611Kb max_used=3746Kb free=116388Kb
 bounds [0x0000027c17920000, 0x0000027c17cd0000, 0x0000027c1ee50000]
CodeHeap 'profiled nmethods': size=120000Kb used=10656Kb max_used=13600Kb free=109343Kb
 bounds [0x0000027c103f0000, 0x0000027c11140000, 0x0000027c17920000]
CodeHeap 'non-nmethods': size=5760Kb used=1488Kb max_used=1547Kb free=4271Kb
 bounds [0x0000027c0fe50000, 0x0000027c100c0000, 0x0000027c103f0000]
 total_blobs=9131 nmethods=5101 adapters=734
 compilation: enabled
              stopped_count=0, restarted_count=0
 full_count=0

Compilation events (20 events):
Event: 97141.651 Thread 0x0000027c27018000 6290       1       javax.swing.JScrollPane::getVerticalScrollBar (5 bytes)
Event: 97141.657 Thread 0x0000027c27018000 nmethod 6290 0x0000027c17a06410 code [0x0000027c17a065a0, 0x0000027c17a06678]
Event: 97143.785 Thread 0x0000027c27018000 6291       3       javax.swing.JComponent::getPreferredSize (43 bytes)
Event: 97143.790 Thread 0x0000027c266a4000 6292       4       com.sun.java.swing.plaf.windows.WindowsButtonUI::getPreferredSize (62 bytes)
Event: 97143.852 Thread 0x0000027c27018000 nmethod 6291 0x0000027c10447f90 code [0x0000027c10448160, 0x0000027c10448728]
Event: 97143.960 Thread 0x0000027c266a4000 nmethod 6292 0x0000027c17a05f90 code [0x0000027c17a06140, 0x0000027c17a062c8]
Event: 97144.121 Thread 0x0000027c266a4000 6293       4       java.awt.Component::setBounds (10 bytes)
Event: 97144.124 Thread 0x0000027c266a4000 nmethod 6293 0x0000027c17a05c90 code [0x0000027c17a05e00, 0x0000027c17a05e98]
Event: 97144.124 Thread 0x0000027c266a4000 6294       4       javax.swing.JComponent::reshape (10 bytes)
Event: 97144.124 Thread 0x0000027c27018000 6295   !   3       java.awt.Container::validate (105 bytes)
Event: 97144.135 Thread 0x0000027c266a4000 nmethod 6294 0x0000027c17a05710 code [0x0000027c17a058a0, 0x0000027c17a05948]
Event: 97144.191 Thread 0x0000027c27018000 nmethod 6295 0x0000027c107b7d10 code [0x0000027c107b7f40, 0x0000027c107b8c28]
Event: 97144.294 Thread 0x0000027c27018000 6296       3       javax.swing.GroupLayout$ComponentSpring::setSize (24 bytes)
Event: 97144.296 Thread 0x0000027c27018000 nmethod 6296 0x0000027c105b9890 code [0x0000027c105b9a40, 0x0000027c105b9d58]
Event: 97144.301 Thread 0x0000027c27018000 6297       3       javax.swing.GroupLayout$ComponentInfo::isLinked (49 bytes)
Event: 97144.304 Thread 0x0000027c27018000 nmethod 6297 0x0000027c10836710 code [0x0000027c108368c0, 0x0000027c10836af8]
Event: 97144.333 Thread 0x0000027c27018000 6298       3       java.util.ComparableTimSort::sort (219 bytes)
Event: 97144.337 Thread 0x0000027c27018000 nmethod 6298 0x0000027c10549410 code [0x0000027c10549640, 0x0000027c10549cd8]
Event: 97144.388 Thread 0x0000027c27018000 6299       3       java.awt.image.DirectColorModel::getRedMask (7 bytes)
Event: 97144.388 Thread 0x0000027c27018000 nmethod 6299 0x0000027c104cff90 code [0x0000027c104d0120, 0x0000027c104d0278]

GC Heap History (20 events):
Event: 273.911 GC heap before
{Heap before GC invocations=29 (full 0):
 garbage-first heap   total 119808K, used 92404K [0x0000000082400000, 0x0000000100000000)
  region size 1024K, 23 young (23552K), 1 survivors (1024K)
 Metaspace       used 36943K, capacity 37579K, committed 37760K, reserved 1083392K
  class space    used 4124K, capacity 4366K, committed 4480K, reserved 1048576K
}
Event: 273.918 GC heap after
{Heap after GC invocations=30 (full 0):
 garbage-first heap   total 119808K, used 69869K [0x0000000082400000, 0x0000000100000000)
  region size 1024K, 1 young (1024K), 1 survivors (1024K)
 Metaspace       used 36943K, capacity 37579K, committed 37760K, reserved 1083392K
  class space    used 4124K, capacity 4366K, committed 4480K, reserved 1048576K
}
Event: 457.143 GC heap before
{Heap before GC invocations=31 (full 0):
 garbage-first heap   total 121856K, used 94445K [0x0000000082400000, 0x0000000100000000)
  region size 1024K, 25 young (25600K), 1 survivors (1024K)
 Metaspace       used 36951K, capacity 37579K, committed 37760K, reserved 1083392K
  class space    used 4124K, capacity 4366K, committed 4480K, reserved 1048576K
}
Event: 457.147 GC heap after
{Heap after GC invocations=32 (full 0):
 garbage-first heap   total 121856K, used 69867K [0x0000000082400000, 0x0000000100000000)
  region size 1024K, 1 young (1024K), 1 survivors (1024K)
 Metaspace       used 36951K, capacity 37579K, committed 37760K, reserved 1083392K
  class space    used 4124K, capacity 4366K, committed 4480K, reserved 1048576K
}
Event: 660.984 GC heap before
{Heap before GC invocations=32 (full 0):
 garbage-first heap   total 121856K, used 97515K [0x0000000082400000, 0x0000000100000000)
  region size 1024K, 28 young (28672K), 1 survivors (1024K)
 Metaspace       used 36951K, capacity 37579K, committed 37760K, reserved 1083392K
  class space    used 4124K, capacity 4366K, committed 4480K, reserved 1048576K
}
Event: 660.990 GC heap after
{Heap after GC invocations=33 (full 0):
 garbage-first heap   total 121856K, used 69872K [0x0000000082400000, 0x0000000100000000)
  region size 1024K, 1 young (1024K), 1 survivors (1024K)
 Metaspace       used 36951K, capacity 37579K, committed 37760K, reserved 1083392K
  class space    used 4124K, capacity 4366K, committed 4480K, reserved 1048576K
}
Event: 880.702 GC heap before
{Heap before GC invocations=34 (full 0):
 garbage-first heap   total 121856K, used 99568K [0x0000000082400000, 0x0000000100000000)
  region size 1024K, 30 young (30720K), 1 survivors (1024K)
 Metaspace       used 36951K, capacity 37579K, committed 37760K, reserved 1083392K
  class space    used 4124K, capacity 4366K, committed 4480K, reserved 1048576K
}
Event: 880.705 GC heap after
{Heap after GC invocations=35 (full 0):
 garbage-first heap   total 121856K, used 69903K [0x0000000082400000, 0x0000000100000000)
  region size 1024K, 1 young (1024K), 1 survivors (1024K)
 Metaspace       used 36951K, capacity 37579K, committed 37760K, reserved 1083392K
  class space    used 4124K, capacity 4366K, committed 4480K, reserved 1048576K
}
Event: 1108.051 GC heap before
{Heap before GC invocations=35 (full 0):
 garbage-first heap   total 121856K, used 100623K [0x0000000082400000, 0x0000000100000000)
  region size 1024K, 31 young (31744K), 1 survivors (1024K)
 Metaspace       used 36958K, capacity 37579K, committed 37760K, reserved 1083392K
  class space    used 4124K, capacity 4366K, committed 4480K, reserved 1048576K
}
Event: 1108.063 GC heap after
{Heap after GC invocations=36 (full 0):
 garbage-first heap   total 121856K, used 69908K [0x0000000082400000, 0x0000000100000000)
  region size 1024K, 1 young (1024K), 1 survivors (1024K)
 Metaspace       used 36958K, capacity 37579K, committed 37760K, reserved 1083392K
  class space    used 4124K, capacity 4366K, committed 4480K, reserved 1048576K
}
Event: 15687.637 GC heap before
{Heap before GC invocations=37 (full 0):
 garbage-first heap   total 121856K, used 101652K [0x0000000082400000, 0x0000000100000000)
  region size 1024K, 32 young (32768K), 1 survivors (1024K)
 Metaspace       used 36981K, capacity 37582K, committed 37760K, reserved 1083392K
  class space    used 4125K, capacity 4367K, committed 4480K, reserved 1048576K
}
Event: 15687.723 GC heap after
{Heap after GC invocations=38 (full 0):
 garbage-first heap   total 121856K, used 70048K [0x0000000082400000, 0x0000000100000000)
  region size 1024K, 1 young (1024K), 1 survivors (1024K)
 Metaspace       used 36981K, capacity 37582K, committed 37760K, reserved 1083392K
  class space    used 4125K, capacity 4367K, committed 4480K, reserved 1048576K
}
Event: 73697.234 GC heap before
{Heap before GC invocations=38 (full 0):
 garbage-first heap   total 121856K, used 102816K [0x0000000082400000, 0x0000000100000000)
  region size 1024K, 33 young (33792K), 1 survivors (1024K)
 Metaspace       used 36988K, capacity 37582K, committed 37760K, reserved 1083392K
  class space    used 4127K, capacity 4367K, committed 4480K, reserved 1048576K
}
Event: 73697.327 GC heap after
{Heap after GC invocations=39 (full 0):
 garbage-first heap   total 121856K, used 69573K [0x0000000082400000, 0x0000000100000000)
  region size 1024K, 1 young (1024K), 1 survivors (1024K)
 Metaspace       used 36988K, capacity 37582K, committed 37760K, reserved 1083392K
  class space    used 4127K, capacity 4367K, committed 4480K, reserved 1048576K
}
Event: 96239.194 GC heap before
{Heap before GC invocations=40 (full 0):
 garbage-first heap   total 121856K, used 103365K [0x0000000082400000, 0x0000000100000000)
  region size 1024K, 34 young (34816K), 1 survivors (1024K)
 Metaspace       used 36856K, capacity 37360K, committed 37760K, reserved 1083392K
  class space    used 4087K, capacity 4292K, committed 4480K, reserved 1048576K
}
Event: 96239.260 GC heap after
{Heap after GC invocations=41 (full 0):
 garbage-first heap   total 121856K, used 70368K [0x0000000082400000, 0x0000000100000000)
  region size 1024K, 1 young (1024K), 1 survivors (1024K)
 Metaspace       used 36856K, capacity 37360K, committed 37760K, reserved 1083392K
  class space    used 4087K, capacity 4292K, committed 4480K, reserved 1048576K
}
Event: 97122.025 GC heap before
{Heap before GC invocations=41 (full 0):
 garbage-first heap   total 121856K, used 71392K [0x0000000082400000, 0x0000000100000000)
  region size 1024K, 3 young (3072K), 1 survivors (1024K)
 Metaspace       used 36860K, capacity 37362K, committed 37760K, reserved 1083392K
  class space    used 4088K, capacity 4293K, committed 4480K, reserved 1048576K
}
Event: 97122.073 GC heap after
{Heap after GC invocations=42 (full 0):
 garbage-first heap   total 121856K, used 69591K [0x0000000082400000, 0x0000000100000000)
  region size 1024K, 1 young (1024K), 1 survivors (1024K)
 Metaspace       used 36860K, capacity 37362K, committed 37760K, reserved 1083392K
  class space    used 4088K, capacity 4293K, committed 4480K, reserved 1048576K
}
Event: 97144.416 GC heap before
{Heap before GC invocations=43 (full 0):
 garbage-first heap   total 150528K, used 90071K [0x0000000082400000, 0x0000000100000000)
  region size 1024K, 5 young (5120K), 1 survivors (1024K)
 Metaspace       used 36868K, capacity 37362K, committed 37760K, reserved 1083392K
  class space    used 4088K, capacity 4293K, committed 4480K, reserved 1048576K
}
Event: 97144.477 GC heap after
{Heap after GC invocations=44 (full 0):
 garbage-first heap   total 150528K, used 87040K [0x0000000082400000, 0x0000000100000000)
  region size 1024K, 1 young (1024K), 1 survivors (1024K)
 Metaspace       used 36868K, capacity 37362K, committed 37760K, reserved 1083392K
  class space    used 4088K, capacity 4293K, committed 4480K, reserved 1048576K
}

Deoptimization events (20 events):
Event: 93147.794 Thread 0x0000027c295eb000 DEOPT PACKING pc=0x0000027c10887a56 sp=0x000000ab9bdff2f0
Event: 93147.799 Thread 0x0000027c295eb000 DEOPT UNPACKING pc=0x0000027c0fe9964e sp=0x000000ab9bdfe8c0 mode 0
Event: 95332.190 Thread 0x0000027c27716000 DEOPT PACKING pc=0x0000027c106bb117 sp=0x000000ab9a3fcfb0
Event: 95332.191 Thread 0x0000027c27716000 DEOPT UNPACKING pc=0x0000027c0fe9964e sp=0x000000ab9a3fc3a8 mode 0
Event: 95383.562 Thread 0x0000027c2940e000 Uncommon trap: trap_request=0xffffff45 fr.pc=0x0000027c17a0670c relative=0x0000000000000dcc
Event: 95383.643 Thread 0x0000027c2940e000 Uncommon trap: reason=unstable_if action=reinterpret pc=0x0000027c17a0670c method=java.util.concurrent.locks.AbstractQueuedSynchronizer.acquire(Ljava/util/concurrent/locks/AbstractQueuedSynchronizer$Node;IZZZJ)I @ 49 c2
Event: 95383.651 Thread 0x0000027c2940e000 DEOPT PACKING pc=0x0000027c17a0670c sp=0x000000ab9b2ff320
Event: 95383.671 Thread 0x0000027c2940e000 DEOPT UNPACKING pc=0x0000027c0fe9912f sp=0x000000ab9b2ff2a8 mode 2
Event: 97121.654 Thread 0x0000027c27716000 Uncommon trap: trap_request=0xffffff45 fr.pc=0x0000027c17979b0c relative=0x000000000000006c
Event: 97121.778 Thread 0x0000027c27716000 Uncommon trap: reason=unstable_if action=reinterpret pc=0x0000027c17979b0c method=java.util.WeakHashMap.keySet()Ljava/util/Set; @ 6 c2
Event: 97121.778 Thread 0x0000027c27716000 DEOPT PACKING pc=0x0000027c17979b0c sp=0x000000ab9a3ff050
Event: 97121.804 Thread 0x0000027c27716000 DEOPT UNPACKING pc=0x0000027c0fe9912f sp=0x000000ab9a3fefe8 mode 2
Event: 97125.561 Thread 0x0000027c27716000 Uncommon trap: trap_request=0xffffff45 fr.pc=0x0000027c17ba05b4 relative=0x0000000000000554
Event: 97125.562 Thread 0x0000027c27716000 Uncommon trap: reason=unstable_if action=reinterpret pc=0x0000027c17ba05b4 method=sun.swing.SwingUtilities2.isScaleChanged(Ljava/lang/String;Ljava/lang/Object;Ljava/lang/Object;)Z @ 65 c2
Event: 97125.563 Thread 0x0000027c27716000 DEOPT PACKING pc=0x0000027c17ba05b4 sp=0x000000ab9a3fea40
Event: 97125.564 Thread 0x0000027c27716000 DEOPT UNPACKING pc=0x0000027c0fe9912f sp=0x000000ab9a3fe9b8 mode 2
Event: 97125.564 Thread 0x0000027c27716000 Uncommon trap: trap_request=0xffffff45 fr.pc=0x0000027c17ba6b84 relative=0x0000000000000364
Event: 97125.565 Thread 0x0000027c27716000 Uncommon trap: reason=unstable_if action=reinterpret pc=0x0000027c17ba6b84 method=sun.swing.SwingUtilities2.isScaleChanged(Ljava/lang/String;Ljava/lang/Object;Ljava/lang/Object;)Z @ 65 c2
Event: 97125.566 Thread 0x0000027c27716000 DEOPT PACKING pc=0x0000027c17ba6b84 sp=0x000000ab9a3fe600
Event: 97125.567 Thread 0x0000027c27716000 DEOPT UNPACKING pc=0x0000027c0fe9912f sp=0x000000ab9a3fe540 mode 2

Classes unloaded (20 events):
Event: 73697.467 Thread 0x0000027c2667f800 Unloading class 0x0000000800b9e840 'java/lang/invoke/LambdaForm$DMH'
Event: 73697.467 Thread 0x0000027c2667f800 Unloading class 0x0000000800b9ac40 'java/lang/invoke/LambdaForm$MH'
Event: 73697.467 Thread 0x0000027c2667f800 Unloading class 0x0000000800b9a840 'java/lang/invoke/LambdaForm$MH'
Event: 73697.467 Thread 0x0000027c2667f800 Unloading class 0x0000000800b9a040 'java/lang/invoke/LambdaForm$MH'
Event: 73697.467 Thread 0x0000027c2667f800 Unloading class 0x0000000800b99c40 'java/lang/invoke/LambdaForm$MH'
Event: 73697.467 Thread 0x0000027c2667f800 Unloading class 0x0000000800b98c40 'java/lang/invoke/LambdaForm$MH'
Event: 73697.467 Thread 0x0000027c2667f800 Unloading class 0x0000000800b98840 'java/lang/invoke/LambdaForm$MH'
Event: 73697.467 Thread 0x0000027c2667f800 Unloading class 0x0000000800b98440 'java/lang/invoke/LambdaForm$MH'
Event: 73697.467 Thread 0x0000027c2667f800 Unloading class 0x0000000800b98040 'java/lang/invoke/LambdaForm$MH'
Event: 73697.467 Thread 0x0000027c2667f800 Unloading class 0x0000000800b97c40 'java/lang/invoke/LambdaForm$MH'
Event: 73697.467 Thread 0x0000027c2667f800 Unloading class 0x0000000800b97840 'java/lang/invoke/LambdaForm$MH'
Event: 73697.467 Thread 0x0000027c2667f800 Unloading class 0x0000000800b97440 'java/lang/invoke/LambdaForm$MH'
Event: 73697.467 Thread 0x0000027c2667f800 Unloading class 0x0000000800b97040 'java/lang/invoke/LambdaForm$MH'
Event: 73697.467 Thread 0x0000027c2667f800 Unloading class 0x0000000800b96840 'java/lang/invoke/LambdaForm$MH'
Event: 73697.467 Thread 0x0000027c2667f800 Unloading class 0x0000000800b96040 'java/lang/invoke/LambdaForm$MH'
Event: 73697.467 Thread 0x0000027c2667f800 Unloading class 0x0000000800b95c40 'java/lang/invoke/LambdaForm$MH'
Event: 73697.467 Thread 0x0000027c2667f800 Unloading class 0x0000000800b95840 'java/lang/invoke/LambdaForm$MH'
Event: 73697.467 Thread 0x0000027c2667f800 Unloading class 0x0000000800b95440 'java/lang/invoke/LambdaForm$MH'
Event: 73697.468 Thread 0x0000027c2667f800 Unloading class 0x0000000800b94c40 'java/lang/invoke/LambdaForm$MH'
Event: 73697.468 Thread 0x0000027c2667f800 Unloading class 0x0000000800b94840 'java/lang/invoke/LambdaForm$MH'

Classes redefined (0 events):
No events

Internal exceptions (20 events):
Event: 5.291 Thread 0x0000027c2783a800 Implicit null exception at 0x0000027c179703e4 to 0x0000027c179709b8
Event: 5.422 Thread 0x0000027c27716000 Exception <a 'sun/nio/fs/WindowsException'{0x00000000893e5b30}> (0x00000000893e5b30) 
thrown [./src/hotspot/share/prims/jni.cpp, line 599]
Event: 5.424 Thread 0x0000027c27716000 Exception <a 'java/lang/NoSuchMethodError'{0x00000000893e7520}: 'int java.lang.invoke.DirectMethodHandle$Holder.invokeSpecialIFC(java.lang.Object, java.lang.Object, int)'> (0x00000000893e7520) 
thrown [./src/hotspot/share/interpreter/linkResolver.cpp, line 766]
Event: 5.851 Thread 0x0000027c27716000 Exception <a 'java/lang/NoSuchMethodError'{0x000000008a16a610}: 'int java.lang.invoke.DirectMethodHandle$Holder.invokeStaticInit(java.lang.Object, java.lang.Object, java.lang.Object, java.lang.Object)'> (0x000000008a16a610) 
thrown [./src/hotspot/share/interpreter/linkResolver.cpp, line 766]
Event: 5.852 Thread 0x0000027c27716000 Exception <a 'java/lang/IncompatibleClassChangeError'{0x000000008a172ff8}: Found class java.lang.Object, but interface was expected> (0x000000008a172ff8) 
thrown [./src/hotspot/share/interpreter/linkResolver.cpp, line 832]
Event: 5.853 Thread 0x0000027c27716000 Exception <a 'java/lang/NoSuchMethodError'{0x000000008a175e38}: 'void java.lang.invoke.DirectMethodHandle$Holder.invokeStaticInit(java.lang.Object, java.lang.Object)'> (0x000000008a175e38) 
thrown [./src/hotspot/share/interpreter/linkResolver.cpp, line 766]
Event: 5.854 Thread 0x0000027c27716000 Exception <a 'java/lang/NoSuchMethodError'{0x000000008a17b260}: 'int java.lang.invoke.DirectMethodHandle$Holder.invokeStaticInit(java.lang.Object, java.lang.Object)'> (0x000000008a17b260) 
thrown [./src/hotspot/share/interpreter/linkResolver.cpp, line 766]
Event: 6.067 Thread 0x0000027c27716000 Exception <a 'java/lang/NoSuchMethodError'{0x0000000085394e78}: 'void java.lang.invoke.DirectMethodHandle$Holder.invokeSpecial(java.lang.Object, java.lang.Object, java.lang.Object, java.lang.Object)'> (0x0000000085394e78) 
thrown [./src/hotspot/share/interpreter/linkResolver.cpp, line 766]
Event: 7.360 Thread 0x0000027c27716000 Exception <a 'java/lang/NoSuchMethodError'{0x0000000084a12638}: 'java.lang.Object java.lang.invoke.Invokers$Holder.linkToTargetMethod(java.lang.Object, int, java.lang.Object)'> (0x0000000084a12638) 
thrown [./src/hotspot/share/interpreter/linkResolver.cpp, line 766]
Event: 18.391 Thread 0x0000027c27716000 Exception <a 'java/lang/NoSuchMethodError'{0x0000000084048f30}: 'java.lang.Object java.lang.invoke.DirectMethodHandle$Holder.invokeStatic(java.lang.Object, java.lang.Object, java.lang.Object, java.lang.Object, java.lang.Object, java.lang.Object, java.lang.Object, java.lang.Object, java.lang.Object, java.lang.Object, java.lang.Object, java.lang.Object, java.lang.Object, java.lang.Object, java.lang.Object)'> (0x0000000084048f30) 
thrown [./src/hotspot/share/interpreter/linkResolver.cpp, line 766]
Event: 18.395 Thread 0x0000027c27716000 Exception <a 'java/lang/NoSuchMethodError'{0x0000000084055ce8}: 'java.lang.Object java.lang.invoke.DirectMethodHandle$Holder.invokeStatic(java.lang.Object, java.lang.Object, java.lang.Object, java.lang.Object, java.lang.Object, java.lang.Object, java.lang.Object, java.lang.Object, java.lang.Object, java.lang.Object, java.lang.Object, java.lang.Object, java.lang.Object, java.lang.Object, java.lang.Object, java.lang.Object)'> (0x0000000084055ce8) 
thrown [./src/hotspot/share/interpreter/linkResolver.cpp, lin
Event: 18.397 Thread 0x0000027c27716000 Exception <a 'java/lang/NoSuchMethodError'{0x0000000084063410}: 'java.lang.Object java.lang.invoke.DirectMethodHandle$Holder.invokeSpecial(java.lang.Object, java.lang.Object, java.lang.Object, java.lang.Object, java.lang.Object, java.lang.Object, int)'> (0x0000000084063410) 
thrown [./src/hotspot/share/interpreter/linkResolver.cpp, line 766]
Event: 18.398 Thread 0x0000027c27716000 Exception <a 'java/lang/NoSuchMethodError'{0x0000000084066d10}: 'java.lang.Object java.lang.invoke.DelegatingMethodHandle$Holder.reinvoke_L(java.lang.Object, java.lang.Object, java.lang.Object, java.lang.Object, java.lang.Object, int)'> (0x0000000084066d10) 
thrown [./src/hotspot/share/interpreter/linkResolver.cpp, line 766]
Event: 19.431 Thread 0x0000027c27716000 Exception <a 'java/lang/ClassNotFoundException'{0x0000000089faaca8}: com/sun/org/apache/xerces/internal/impl/xpath/regex/spi/messageProvider> (0x0000000089faaca8) 
thrown [./src/hotspot/share/classfile/systemDictionary.cpp, line 226]
Event: 19.512 Thread 0x0000027c27716000 Exception <a 'java/lang/ClassNotFoundException'{0x00000000857052c8}: com/sun/org/apache/xerces/internal/impl/msg/spi/XMLSchemaMessagesProvider> (0x00000000857052c8) 
thrown [./src/hotspot/share/classfile/systemDictionary.cpp, line 226]
Event: 19.897 Thread 0x0000027c27716000 Implicit null exception at 0x0000027c17a5de1c to 0x0000027c17a5e088
Event: 25.727 Thread 0x0000027c2770d000 Exception <a 'java/lang/NoSuchMethodError'{0x00000000876c32e0}: 'void java.lang.invoke.DirectMethodHandle$Holder.invokeVirtual(java.lang.Object, java.lang.Object)'> (0x00000000876c32e0) 
thrown [./src/hotspot/share/interpreter/linkResolver.cpp, line 766]
Event: 50.049 Thread 0x0000027c27716000 Implicit null exception at 0x0000027c17b87ac7 to 0x0000027c17b8d5d4
Event: 67.203 Thread 0x0000027c27716000 Implicit null exception at 0x0000027c17be2f47 to 0x0000027c17be9d60
Event: 85252.010 Thread 0x0000027c27716000 Implicit null exception at 0x0000027c17c17938 to 0x0000027c17c190f8

Events (20 events):
Event: 97122.024 Executing VM operation: G1TryInitiateConcMark
Event: 97122.073 Executing VM operation: G1TryInitiateConcMark done
Event: 97122.452 Executing VM operation: G1Concurrent
Event: 97123.094 Executing VM operation: G1Concurrent done
Event: 97123.098 Executing VM operation: HandshakeOneThread
Event: 97123.104 Executing VM operation: HandshakeOneThread done
Event: 97123.130 Executing VM operation: G1Concurrent
Event: 97123.138 Executing VM operation: G1Concurrent done
Event: 97123.215 loading class javax/swing/RepaintManager$DisplayChangedRunnable
Event: 97123.254 loading class javax/swing/RepaintManager$DisplayChangedRunnable done
Event: 97125.587 Executing VM operation: HandshakeAllThreads
Event: 97125.597 Executing VM operation: HandshakeAllThreads done
Event: 97125.598 Thread 0x0000027c266bc000 flushing nmethod 0x0000027c17a05710
Event: 97125.605 Thread 0x0000027c266bc000 flushing nmethod 0x0000027c10a8ee90
Event: 97125.607 Thread 0x0000027c266bc000 flushing nmethod 0x0000027c10cffc10
Event: 97125.609 Thread 0x0000027c266bc000 flushing nmethod 0x0000027c10f1b890
Event: 97125.609 Thread 0x0000027c266bc000 flushing nmethod 0x0000027c10f1bd10
Event: 97144.413 Executing VM operation: G1TryInitiateConcMark
Event: 97144.477 Executing VM operation: G1TryInitiateConcMark done
Event: 97144.592 Executing VM operation: G1Concurrent


Dynamic libraries:
0x00007ff609400000 - 0x00007ff60940d000 	C:\Program Files\AdoptOpenJDK\jdk-14.0.1.7-hotspot\bin\java.exe
0x00007ffedc9c0000 - 0x00007ffedcbb0000 	C:\WINDOWS\SYSTEM32\ntdll.dll
0x00007ffedb620000 - 0x00007ffedb6d2000 	C:\WINDOWS\System32\KERNEL32.DLL
0x00007ffeda150000 - 0x00007ffeda3f4000 	C:\WINDOWS\System32\KERNELBASE.dll
0x00007ffeda700000 - 0x00007ffeda7fa000 	C:\WINDOWS\System32\ucrtbase.dll
0x00007ffec60d0000 - 0x00007ffec60e5000 	C:\Program Files\AdoptOpenJDK\jdk-14.0.1.7-hotspot\bin\VCRUNTIME140.dll
0x00007ffea20a0000 - 0x00007ffea20b8000 	C:\Program Files\AdoptOpenJDK\jdk-14.0.1.7-hotspot\bin\jli.dll
0x00007ffedbb20000 - 0x00007ffedbcb5000 	C:\WINDOWS\System32\USER32.dll
0x00007ffeda800000 - 0x00007ffeda821000 	C:\WINDOWS\System32\win32u.dll
0x00007ffedc2e0000 - 0x00007ffedc306000 	C:\WINDOWS\System32\GDI32.dll
0x00007ffec5b40000 - 0x00007ffec5dc4000 	C:\WINDOWS\WinSxS\amd64_microsoft.windows.common-controls_6595b64144ccf1df_6.0.18362.1016_none_9e7a36bbe461dae4\COMCTL32.dll
0x00007ffeda500000 - 0x00007ffeda696000 	C:\WINDOWS\System32\gdi32full.dll
0x00007ffeda980000 - 0x00007ffedaa1e000 	C:\WINDOWS\System32\msvcp_win.dll
0x00007ffedc040000 - 0x00007ffedc0de000 	C:\WINDOWS\System32\msvcrt.dll
0x00007ffedaa70000 - 0x00007ffedada5000 	C:\WINDOWS\System32\combase.dll
0x00007ffedc800000 - 0x00007ffedc920000 	C:\WINDOWS\System32\RPCRT4.dll
0x00007ffed9940000 - 0x00007ffed99c0000 	C:\WINDOWS\System32\bcryptPrimitives.dll
0x00007ffedba00000 - 0x00007ffedba2e000 	C:\WINDOWS\System32\IMM32.DLL
0x00007ffe64bc0000 - 0x00007ffe64c5b000 	C:\Program Files\AdoptOpenJDK\jdk-14.0.1.7-hotspot\bin\msvcp140.dll
0x00007ffe5aab0000 - 0x00007ffe5b65c000 	C:\Program Files\AdoptOpenJDK\jdk-14.0.1.7-hotspot\bin\server\jvm.dll
0x00007ffedadb0000 - 0x00007ffedae53000 	C:\WINDOWS\System32\ADVAPI32.dll
0x00007ffedb950000 - 0x00007ffedb9e7000 	C:\WINDOWS\System32\sechost.dll
0x00007ffedc0e0000 - 0x00007ffedc0e8000 	C:\WINDOWS\System32\PSAPI.DLL
0x00007ffed2930000 - 0x00007ffed2954000 	C:\WINDOWS\SYSTEM32\WINMM.dll
0x00007ffed2050000 - 0x00007ffed205a000 	C:\WINDOWS\SYSTEM32\VERSION.dll
0x00007ffebcba0000 - 0x00007ffebcba9000 	C:\WINDOWS\SYSTEM32\WSOCK32.dll
0x00007ffedbfd0000 - 0x00007ffedc03f000 	C:\WINDOWS\System32\ws2_32.DLL
0x00007ffed2900000 - 0x00007ffed292d000 	C:\WINDOWS\SYSTEM32\WINMMBASE.dll
0x00007ffedaa20000 - 0x00007ffedaa6a000 	C:\WINDOWS\System32\cfgmgr32.dll
0x00007ffed9880000 - 0x00007ffed9891000 	C:\WINDOWS\System32\kernel.appcore.dll
0x00007ffed2d80000 - 0x00007ffed2d8a000 	C:\Program Files\AdoptOpenJDK\jdk-14.0.1.7-hotspot\bin\jimage.dll
0x00007ffed81a0000 - 0x00007ffed8394000 	C:\WINDOWS\SYSTEM32\DBGHELP.DLL
0x00007ffeba620000 - 0x00007ffeba64a000 	C:\WINDOWS\SYSTEM32\dbgcore.DLL
0x00007ffe805d0000 - 0x00007ffe805f5000 	C:\Program Files\AdoptOpenJDK\jdk-14.0.1.7-hotspot\bin\java.dll
0x00007ffea9260000 - 0x00007ffea9276000 	C:\Program Files\AdoptOpenJDK\jdk-14.0.1.7-hotspot\bin\zip.dll
0x00007ffedaf30000 - 0x00007ffedb617000 	C:\WINDOWS\System32\SHELL32.dll
0x00007ffedbf20000 - 0x00007ffedbfc9000 	C:\WINDOWS\System32\shcore.dll
0x00007ffed99c0000 - 0x00007ffeda142000 	C:\WINDOWS\System32\windows.storage.dll
0x00007ffed98f0000 - 0x00007ffed9913000 	C:\WINDOWS\System32\profapi.dll
0x00007ffed98a0000 - 0x00007ffed98ea000 	C:\WINDOWS\System32\powrprof.dll
0x00007ffed9870000 - 0x00007ffed9880000 	C:\WINDOWS\System32\UMPDC.dll
0x00007ffedae60000 - 0x00007ffedaeb2000 	C:\WINDOWS\System32\shlwapi.dll
0x00007ffeda4e0000 - 0x00007ffeda4f7000 	C:\WINDOWS\System32\cryptsp.dll
0x00007ffea69f0000 - 0x00007ffea6a09000 	C:\Program Files\AdoptOpenJDK\jdk-14.0.1.7-hotspot\bin\net.dll
0x00007ffed6720000 - 0x00007ffed6810000 	C:\WINDOWS\SYSTEM32\WINHTTP.dll
0x00007ffed9080000 - 0x00007ffed90e7000 	C:\WINDOWS\system32\mswsock.dll
0x00007ffea44e0000 - 0x00007ffea44f2000 	C:\Program Files\AdoptOpenJDK\jdk-14.0.1.7-hotspot\bin\nio.dll
0x00007ffe5c320000 - 0x00007ffe5c4b7000 	C:\Program Files\AdoptOpenJDK\jdk-14.0.1.7-hotspot\bin\awt.dll
0x00007ffedb880000 - 0x00007ffedb945000 	C:\WINDOWS\System32\OLEAUT32.dll
0x00007ffed5e50000 - 0x00007ffed5edf000 	C:\WINDOWS\SYSTEM32\apphelp.dll
0x00007ffed6020000 - 0x00007ffed60b9000 	C:\WINDOWS\system32\uxtheme.dll
0x00007ffedb740000 - 0x00007ffedb875000 	C:\WINDOWS\System32\MSCTF.dll
0x00007ffedc180000 - 0x00007ffedc2d7000 	C:\WINDOWS\System32\ole32.dll
0x00007ffeafe50000 - 0x00007ffeafe66000 	C:\WINDOWS\system32\napinsp.dll
0x00007ffeaff60000 - 0x00007ffeaff7a000 	C:\WINDOWS\system32\pnrpnsp.dll
0x00007ffed8de0000 - 0x00007ffed8eab000 	C:\WINDOWS\SYSTEM32\DNSAPI.dll
0x00007ffedc0f0000 - 0x00007ffedc0f8000 	C:\WINDOWS\System32\NSI.dll
0x00007ffed8da0000 - 0x00007ffed8dda000 	C:\WINDOWS\SYSTEM32\IPHLPAPI.DLL
0x00007ffeaff50000 - 0x00007ffeaff5e000 	C:\WINDOWS\System32\winrnr.dll
0x00007ffed6200000 - 0x00007ffed621c000 	C:\WINDOWS\system32\NLAapi.dll
0x00007ffed3fc0000 - 0x00007ffed3fd5000 	C:\WINDOWS\system32\wshbth.dll
0x00007ffed1ca0000 - 0x00007ffed1caa000 	C:\Windows\System32\rasadhlp.dll
0x00007ffed3900000 - 0x00007ffed3977000 	C:\WINDOWS\System32\fwpuclnt.dll
0x00007ffeda400000 - 0x00007ffeda426000 	C:\WINDOWS\System32\bcrypt.dll
0x00007ffed8c00000 - 0x00007ffed8c33000 	C:\WINDOWS\system32\rsaenh.dll
0x00007ffed9760000 - 0x00007ffed9785000 	C:\WINDOWS\SYSTEM32\USERENV.dll
0x00007ffed9200000 - 0x00007ffed920c000 	C:\WINDOWS\SYSTEM32\CRYPTBASE.dll
0x00007ffed35e0000 - 0x00007ffed35f6000 	C:\WINDOWS\SYSTEM32\dhcpcsvc6.DLL
0x00007ffed3460000 - 0x00007ffed347c000 	C:\WINDOWS\SYSTEM32\dhcpcsvc.DLL
0x00007ffed7d90000 - 0x00007ffed7dbd000 	C:\WINDOWS\system32\DWMAPI.DLL
0x00007ffe5c290000 - 0x00007ffe5c312000 	C:\Program Files\AdoptOpenJDK\jdk-14.0.1.7-hotspot\bin\freetype.dll
0x00007ffe5c1e0000 - 0x00007ffe5c286000 	C:\Program Files\AdoptOpenJDK\jdk-14.0.1.7-hotspot\bin\fontmanager.dll
0x00007ffebd7f0000 - 0x00007ffebd899000 	C:\WINDOWS\WinSxS\amd64_microsoft.windows.common-controls_6595b64144ccf1df_5.82.18362.1016_none_73b3274ad815f571\comctl32.dll
0x00007ffe9b900000 - 0x00007ffe9ba56000 	C:\WINDOWS\system32\opengl32.dll
0x00007ffe9b8d0000 - 0x00007ffe9b8fc000 	C:\WINDOWS\SYSTEM32\GLU32.dll
0x00007ffed85a0000 - 0x00007ffed85c0000 	C:\WINDOWS\SYSTEM32\dxcore.dll
0x00007ffed1250000 - 0x00007ffed1259000 	C:\Program Files\AdoptOpenJDK\jdk-14.0.1.7-hotspot\bin\management.dll
0x00007ffed05e0000 - 0x00007ffed05eb000 	C:\Program Files\AdoptOpenJDK\jdk-14.0.1.7-hotspot\bin\management_ext.dll
0x00007ffe80500000 - 0x00007ffe80525000 	C:\Program Files\AdoptOpenJDK\jdk-14.0.1.7-hotspot\bin\sunec.dll
0x00007ffecf180000 - 0x00007ffecf18e000 	C:\Program Files\AdoptOpenJDK\jdk-14.0.1.7-hotspot\bin\sunmscapi.dll
0x00007ffeda830000 - 0x00007ffeda979000 	C:\WINDOWS\System32\CRYPT32.dll
0x00007ffed9920000 - 0x00007ffed9932000 	C:\WINDOWS\System32\MSASN1.dll
0x00007ffed93a0000 - 0x00007ffed93c6000 	C:\WINDOWS\SYSTEM32\ncrypt.dll
0x00007ffed9360000 - 0x00007ffed939b000 	C:\WINDOWS\SYSTEM32\NTASN1.dll
0x00007ffed1660000 - 0x00007ffed1670000 	C:\Program Files\AdoptOpenJDK\jdk-14.0.1.7-hotspot\bin\verify.dll
0x00007ffedbe70000 - 0x00007ffedbf12000 	C:\WINDOWS\System32\clbcatq.dll
0x00007ffed03f0000 - 0x00007ffed059f000 	C:\WINDOWS\SYSTEM32\WindowsCodecs.dll
0x00007ffe9e4a0000 - 0x00007ffe9e4da000 	C:\WINDOWS\system32\dataexchange.dll
0x00007ffed5070000 - 0x00007ffed524d000 	C:\WINDOWS\system32\dcomp.dll
0x00007ffed4d00000 - 0x00007ffed4f5b000 	C:\WINDOWS\system32\d3d11.dll
0x00007ffed8690000 - 0x00007ffed877b000 	C:\WINDOWS\system32\dxgi.dll
0x00007ffed7840000 - 0x00007ffed7aa2000 	C:\WINDOWS\system32\twinapi.appcore.dll
0x00007ffed7d60000 - 0x00007ffed7d89000 	C:\WINDOWS\system32\RMCLIENT.dll
0x00007ffec8630000 - 0x00007ffec86ce000 	C:\WINDOWS\System32\TextInputFramework.dll
0x00007ffed0d10000 - 0x00007ffed103a000 	C:\WINDOWS\System32\CoreUIComponents.dll
0x00007ffed53d0000 - 0x00007ffed54a4000 	C:\WINDOWS\System32\CoreMessaging.dll
0x00007ffed87d0000 - 0x00007ffed8801000 	C:\WINDOWS\SYSTEM32\ntmarta.dll
0x00007ffed6440000 - 0x00007ffed6593000 	C:\WINDOWS\SYSTEM32\wintypes.dll
0x00007ffec92d0000 - 0x00007ffec9576000 	C:\WINDOWS\System32\iertutil.dll

dbghelp: loaded successfully - version: 4.0.5 - missing functions: none
symbol engine: initialized successfully - sym options: 0x614 - pdb path: .;C:\Program Files\AdoptOpenJDK\jdk-14.0.1.7-hotspot\bin;C:\WINDOWS\SYSTEM32;C:\WINDOWS\WinSxS\amd64_microsoft.windows.common-controls_6595b64144ccf1df_6.0.18362.1016_none_9e7a36bbe461dae4;C:\Program Files\AdoptOpenJDK\jdk-14.0.1.7-hotspot\bin\server;C:\WINDOWS\WinSxS\amd64_microsoft.windows.common-controls_6595b64144ccf1df_5.82.18362.1016_none_73b3274ad815f571

VM Arguments:
jvm_args: -Dfile.encoding=UTF-8 -DKETTLE_PLUGIN_BASE_FOLDERS=./lib-ext/data-integration/plugins -DpropertyName= -Dflow 
java_command: com.openbravo.pos.forms.StartPOS
java_class_path (initial): C:\Users\khalane\Downloads\nordpos-master-pos\nordpos-master\lib\barcode4j-2.1.jar;C:\Users\khalane\Downloads\nordpos-master-pos\nordpos-master\lib\bsh-2.1.8.jar;C:\Users\khalane\Downloads\nordpos-master-pos\nordpos-master\lib\colorpicker.jar;C:\Users\khalane\Downloads\nordpos-master-pos\nordpos-master\lib\imgscalr-lib-4.2.jar;C:\Users\khalane\Downloads\nordpos-master-pos\nordpos-master\lib\nrjavaserial-3.11.0.jar;C:\Users\khalane\Downloads\nordpos-master-pos\nordpos-master\lib\rsyntaxtextarea-2.5.8.jar;C:\Users\khalane\Downloads\nordpos-master-pos\nordpos-master\lib\swingx-1.6.1.jar;C:\Users\khalane\Downloads\nordpos-master-pos\nordpos-master\lib\velocity-1.7.jar;C:\Users\khalane\Downloads\nordpos-master-pos\nordpos-master\lib\commons\commons-beanutils-1.9.2.jar;C:\Users\khalane\Downloads\nordpos-master-pos\nordpos-master\lib\commons\commons-codec-1.10.jar;C:\Users\khalane\Downloads\nordpos-master-pos\nordpos-master\lib\commons\commons-collections-3.2.2.jar;C:\Users\khalane\Downloads\nordpos-master-pos\nordpos-master\lib\commons\commons-digester-1.7.jar;C:\Users\khalane\Downloads\nordpos-master-pos\nordpos-master\lib\commons\commons-discovery-0.5.jar;C:\Users\khalane\Downloads\nordpos-master-pos\nordpos-master\lib\commons\commons-lang-2.6.jar;C:\Users\khalane\Downloads\nordpos-master-pos\nordpos-master\lib\commons\commons-logging-1.2.jar;C:\Users\khalane\Downloads\nordpos-master-pos\nordpos-master\lib\derby\derby.jar;C:\Users\khalane\Downloads\nordpos-master-pos\nordpos-master\lib\derby\derbynet.jar;C:\Users\khalane\Downloads\nordpos-master-pos\nordpos-master\lib\insubstantial\laf-plugin-7.3.jar;C:\Users\khalane\Downloads\nordpos-master-pos\nordpos-master\lib\insubstantial\laf-widget-7.3.jar;C:\Users\khalane\Downloads\nordpos-master-pos\nordpos-master\lib\insubstantial\substance-7.3-lite.jar;C:\Users\khalane\Downloads\nordpos-master-pos\nordpos-master\lib\insubstantial\substance-7.3-tools.jar;C:\Users\khalane\Downloads\nordpos-master-po
Launcher Type: SUN_STANDARD

[Global flags]
     intx CICompilerCount                          = 4                                         {product} {ergonomic}
     uint ConcGCThreads                            = 2                                         {product} {ergonomic}
     uint G1ConcRefinementThreads                  = 8                                         {product} {ergonomic}
   size_t G1HeapRegionSize                         = 1048576                                   {product} {ergonomic}
    uintx GCDrainStackTargetSize                   = 64                                        {product} {ergonomic}
   size_t InitialHeapSize                          = 132120576                                 {product} {ergonomic}
   size_t MarkStackSize                            = 4194304                                   {product} {ergonomic}
   size_t MaxHeapSize                              = 2109734912                                {product} {ergonomic}
   size_t MaxNewSize                               = 1265631232                                {product} {ergonomic}
   size_t MinHeapDeltaBytes                        = 1048576                                   {product} {ergonomic}
   size_t MinHeapSize                              = 8388608                                   {product} {ergonomic}
    uintx NonNMethodCodeHeapSize                   = 5839372                                {pd product} {ergonomic}
    uintx NonProfiledCodeHeapSize                  = 122909434                              {pd product} {ergonomic}
    uintx ProfiledCodeHeapSize                     = 122909434                              {pd product} {ergonomic}
    uintx ReservedCodeCacheSize                    = 251658240                              {pd product} {ergonomic}
     bool SegmentedCodeCache                       = true                                      {product} {ergonomic}
   size_t SoftMaxHeapSize                          = 2109734912                             {manageable} {ergonomic}
     bool UseCompressedClassPointers               = true                                 {lp64_product} {ergonomic}
     bool UseCompressedOops                        = true                                 {lp64_product} {ergonomic}
     bool UseG1GC                                  = true                                      {product} {ergonomic}
     bool UseLargePagesIndividualAllocation        = false                                  {pd product} {ergonomic}

Logging:
Log output configuration:
 #0: stdout all=warning uptime,level,tags
 #1: stderr all=off uptime,level,tags

Environment Variables:
JAVA_HOME=C:\Program Files (x86)\Huawei\jre1.8.0_212\
PATH=C:\Program Files\AdoptOpenJDK\jdk-14.0.1.7-hotspot\bin;C:\Program Files\AdoptOpenJDK\jdk-11.0.7.10-hotspot\bin;C:\Program Files (x86)\Huawei\jre1.8.0_222\bin;C:\Program Files (x86)\Huawei\jre1.8.0_191\bin;C:\Program Files (x86)\Huawei\jre1.8.0_212\bin;C:\Program Files (x86)\Common Files\Oracle\Java\javapath;C:\ProgramData\Oracle\Java\javapath;C:\WINDOWS\system32;C:\WINDOWS;C:\WINDOWS\System32\Wbem;C:\WINDOWS\System32\WindowsPowerShell\v1.0\;C:\WINDOWS\System32\OpenSSH\;C:\Program Files (x86)\Microsoft SQL Server\150\DTS\Binn\;C:\Program Files\Microsoft SQL Server\Client SDK\ODBC\130\Tools\Binn\;C:\Program Files (x86)\Microsoft SQL Server\140\Tools\Binn\;C:\Program Files\Microsoft SQL Server\140\Tools\Binn\;C:\Program Files\Microsoft SQL Server\140\DTS\Binn\;C:\xampp\php;C:\ProgramData\ComposerSetup\bin;C:\Program Files\Intel\WiFi\bin\;C:\Program Files\Common Files\Intel\WirelessCommon\;C:\php;c:\Program Files (x86)\Intel\Intel(R) Management Engine Components\DAL;c:\Program Files\Intel\Intel(R) Management Engine Components\DAL;C:\Program Files\nodejs\;C:\HashiCorp\Vagrant\bin;C:\Program Files\Git\cmd;C:\python3\Scripts\;C:\python3\;C:\Program Files\MySQL\MySQL Shell 8.0\bin\;C:\Users\khalane\AppData\Local\Microsoft\WindowsApps;C:\Users\khalane\AppData\Local\Programs\Microsoft VS Code\bin;C:\Users\khalane\AppData\Roaming\Composer\vendor\bin;C:\Users\khalane\AppData\Local\hyper\app-3.0.2\resources\bin;C:\ProgramData\Khalane\atom\bin;C:\Users\khalane\AppData\Local\atom\bin;C:\Users\khalane\AppData\Local\Microsoft\WindowsApps;C:\Users\khalane\AppData\Local\GitHubDesktop\bin;C:\Users\khalane\AppData\Roaming\npm;C:\python3;C:\Program Files (x86)\Nmap
USERNAME=Khalane
OS=Windows_NT
PROCESSOR_IDENTIFIER=Intel64 Family 6 Model 142 Stepping 10, GenuineIntel



---------------  S Y S T E M  ---------------

OS: Windows 10 , 64 bit Build 18362 (10.0.18362.959)
OS uptime: 2 days 2:51 hours
HyperV virtualization detected

CPU:total 8 (initial active 8) (4 cores per cpu, 2 threads per core) family 6 model 142 stepping 10, cmov, cx8, fxsr, mmx, sse, sse2, sse3, ssse3, sse4.1, sse4.2, popcnt, avx, avx2, aes, clmul, erms, 3dnowpref, lzcnt, ht, tsc, tscinvbit, bmi1, bmi2, adx, fma

Memory: 4k page, system-wide physical 8046M (21M free)
TotalPageFile size 32622M (AvailPageFile size 8M)
current process WorkingSet (physical memory assigned to process): 77M, peak: 259M
current process commit charge ("private bytes"): 311M, peak: 324M

vm_info: OpenJDK 64-Bit Server VM (14.0.1+7) for windows-amd64 JRE (14.0.1+7), built on Apr 22 2020 14:10:56 by "" with MS VC++ 15.9 (VS2017)

END.
